<?xml version="1.0" encoding="UTF-8"?>
<testsuite name="org.example.PokemonTest" tests="4" skipped="0" failures="0" errors="0" timestamp="2022-12-30T00:31:11" hostname="NISSANALTIMA" time="0.014">
  <properties/>
  <testcase name="heightEqual()" classname="org.example.PokemonTest" time="0.012"/>
  <testcase name="WeightEqual()" classname="org.example.PokemonTest" time="0.0"/>
  <testcase name="levelEqual()" classname="org.example.PokemonTest" time="0.001"/>
  <testcase name="typeEqual()" classname="org.example.PokemonTest" time="0.0"/>
  <system-out><![CDATA[Starting all JUnit Tests...
All tests successful.
]]></system-out>
  <system-err><![CDATA[]]></system-err>
</testsuite>
