<?xml version="1.0" encoding="UTF-8"?>
<testsuite name="org.example.PokemonTest" tests="1" skipped="0" failures="0" errors="0" timestamp="2023-01-31T19:56:08" hostname="NISSANALTIMA" time="0.014">
  <properties/>
  <testcase name="pokeListEquals()" classname="org.example.PokemonTest" time="0.014"/>
  <system-out><![CDATA[Starting all JUnit Tests...
break
11,fire,0.6,8.5

11,fire,0.6,8.5

13,water,0.5,9.0

12,grass,0.7,6.9

80,normal,3.2,320.0

11,fire,0.6,8.5

11,fire,0.6,8.5

13,water,0.5,9.0

12,grass,0.7,6.9

80,normal,3.2,320.0

]]></system-out>
  <system-err><![CDATA[]]></system-err>
</testsuite>
